#
# Copyright 2016-2019 The Reaktivity Project
#
# The Reaktivity Project licenses this file to you under the Apache License,
# version 2.0 (the "License"); you may not use this file except in compliance
# with the License. You may obtain a copy of the License at:
#
#   http://www.apache.org/licenses/LICENSE-2.0
#
# Unless required by applicable law or agreed to in writing, software
# distributed under the License is distributed on an "AS IS" BASIS, WITHOUT
# WARRANTIES OR CONDITIONS OF ANY KIND, either express or implied. See the
# License for the specific language governing permissions and limitations
# under the License.
#

connect await ROUTED_CLIENT
        "nukleus://streams/socks#0"
  option nukleus:window 65536
  option nukleus:transmission "duplex"

write nukleus:begin.ext ${socks:beginEx()
                               .typeId(nukleus:id("socks"))
                               .address("example.com")
                               .port(8080)
                               .build()}

read nukleus:begin.ext ${socks:beginEx()
                              .typeId(nukleus:id("socks"))
                              .address("192.168.0.1")
                              .port(32767)
                              .build()}

connected

read "hello client"
