#
# Copyright 2016-2017 The Reaktivity Project
#
# The Reaktivity Project licenses this file to you under the Apache License,
# version 2.0 (the "License"); you may not use this file except in compliance
# with the License. You may obtain a copy of the License at:
#
#   http://www.apache.org/licenses/LICENSE-2.0
#
# Unless required by applicable law or agreed to in writing, software
# distributed under the License is distributed on an "AS IS" BASIS, WITHOUT
# WARRANTIES OR CONDITIONS OF ANY KIND, either express or implied. See the
# License for the specific language governing permissions and limitations
# under the License.
#

property newServerAcceptRef ${nukleus:newRouteRef()} # external scope

connect await ROUTED_SERVER "nukleus://socks/streams/source"
  option nukleus:route ${newServerAcceptRef}
  option nukleus:window 65536
  option nukleus:transmission "duplex"
connected

## Write the request bytes for connecting with no-authentication
write [0x05]
write [0x01]
write [0x00]

## Read the response, expect success
read [0x05 0x00]

## Write CONNECT request
write [0x05] # version: SOCKS v5
write [0x04] # command not recognized
write [0x00] # RSV field
write [0x03] # Address Type domain name
write [0x0B] # Length of the FQDN
write "example.com" # The FQDN
write [0x1F 0x90] # 8080 in network-byte order


## Read CONNECT response
read [0x05] # version: SOCKS v5
read [0x07] # command not supported
read [0x00] # RSV field

read [0x01] # Address Type domain name
read [0x00 0x00 0x00 0x00] # The Bound Server Address
read [0x00 0x00]           # The Bound Server Port (DB)
